c:\users\gorge kirda7i\source\repos\mhmows\operatingsystem\x64\release\vc143.pdb
c:\users\gorge kirda7i\source\repos\mhmows\operatingsystem\x64\release\parser.obj
c:\users\gorge kirda7i\source\repos\mhmows\operatingsystem\x64\release\osframe.obj
c:\users\gorge kirda7i\source\repos\mhmows\operatingsystem\x64\release\processwindow.obj
c:\users\gorge kirda7i\source\repos\mhmows\operatingsystem\x64\release\lexer.obj
c:\users\gorge kirda7i\source\repos\mhmows\operatingsystem\x64\release\source.obj
c:\users\gorge kirda7i\source\repos\mhmows\operatingsystem\x64\release\interpreter.obj
c:\users\gorge kirda7i\source\repos\mhmows\operatingsystem\x64\release\virtualos.obj
c:\users\gorge kirda7i\source\repos\mhmows\operatingsystem\x64\release\osappicon.obj
c:\users\gorge kirda7i\source\repos\mhmows\operatingsystem\x64\release\process.obj
c:\users\gorge kirda7i\source\repos\mhmows\operatingsystem\x64\release\kernel.obj
c:\users\gorge kirda7i\source\repos\mhmows\operatingsystem\x64\release\desktop.obj
c:\users\gorge kirda7i\source\repos\mhmows\operatingsystem\x64\release\virtualosapp.obj
c:\users\gorge kirda7i\source\repos\mhmows\x64\release\operatingsystem.exe
c:\users\gorge kirda7i\source\repos\mhmows\x64\release\operatingsystem.pdb
c:\users\gorge kirda7i\source\repos\mhmows\x64\release\wxbase32u_vc_x64_custom.dll
c:\users\gorge kirda7i\source\repos\mhmows\x64\release\zlib1.dll
c:\users\gorge kirda7i\source\repos\mhmows\x64\release\pcre2-16.dll
c:\users\gorge kirda7i\source\repos\mhmows\x64\release\wxmsw32u_core_vc_x64_custom.dll
c:\users\gorge kirda7i\source\repos\mhmows\x64\release\jpeg62.dll
c:\users\gorge kirda7i\source\repos\mhmows\x64\release\libpng16.dll
c:\users\gorge kirda7i\source\repos\mhmows\x64\release\tiff.dll
c:\users\gorge kirda7i\source\repos\mhmows\x64\release\liblzma.dll
c:\users\gorge kirda7i\source\repos\mhmows\operatingsystem\x64\release\operatingsystem.ipdb
c:\users\gorge kirda7i\source\repos\mhmows\operatingsystem\x64\release\operatingsystem.iobj
c:\users\gorge kirda7i\source\repos\mhmows\operatingsystem\x64\release\lexer.nativecodeanalysis.xml
c:\users\gorge kirda7i\source\repos\mhmows\operatingsystem\x64\release\osappicon.nativecodeanalysis.xml
c:\users\gorge kirda7i\source\repos\mhmows\operatingsystem\x64\release\osframe.nativecodeanalysis.xml
c:\users\gorge kirda7i\source\repos\mhmows\operatingsystem\x64\release\operatingsystem.tlog\cl.command.1.tlog
c:\users\gorge kirda7i\source\repos\mhmows\operatingsystem\x64\release\operatingsystem.tlog\cl.items.tlog
c:\users\gorge kirda7i\source\repos\mhmows\operatingsystem\x64\release\operatingsystem.tlog\cl.read.1.tlog
c:\users\gorge kirda7i\source\repos\mhmows\operatingsystem\x64\release\operatingsystem.tlog\cl.write.1.tlog
c:\users\gorge kirda7i\source\repos\mhmows\operatingsystem\x64\release\operatingsystem.tlog\link.command.1.tlog
c:\users\gorge kirda7i\source\repos\mhmows\operatingsystem\x64\release\operatingsystem.tlog\link.read.1.tlog
c:\users\gorge kirda7i\source\repos\mhmows\operatingsystem\x64\release\operatingsystem.tlog\link.secondary.1.tlog
c:\users\gorge kirda7i\source\repos\mhmows\operatingsystem\x64\release\operatingsystem.tlog\link.write.1.tlog
c:\users\gorge kirda7i\source\repos\mhmows\operatingsystem\x64\release\operatingsystem.tlog\operatingsystem.write.1u.tlog
